2022/01/15 18:57:54 [notice] 1#1: using the "epoll" event method
2022/01/15 18:57:54 [notice] 1#1: nginx/1.21.5
2022/01/15 18:57:54 [notice] 1#1: built by gcc 10.2.1 20210110 (Debian 10.2.1-6) 
2022/01/15 18:57:54 [notice] 1#1: OS: Linux 5.10.76-linuxkit
2022/01/15 18:57:54 [notice] 1#1: getrlimit(RLIMIT_NOFILE): 1048576:1048576
2022/01/15 18:57:54 [notice] 1#1: start worker processes
2022/01/15 18:57:54 [notice] 1#1: start worker process 31
2022/01/15 18:57:54 [notice] 1#1: start worker process 32
2022/01/15 18:57:54 [notice] 1#1: start worker process 33
2022/01/15 18:57:54 [notice] 1#1: start worker process 34
2022/01/15 18:58:57 [notice] 1#1: signal 3 (SIGQUIT) received, shutting down
2022/01/15 18:58:57 [notice] 33#33: gracefully shutting down
2022/01/15 18:58:57 [notice] 33#33: exiting
2022/01/15 18:58:57 [notice] 34#34: gracefully shutting down
2022/01/15 18:58:57 [notice] 32#32: gracefully shutting down
2022/01/15 18:58:57 [notice] 32#32: exiting
2022/01/15 18:58:57 [notice] 31#31: gracefully shutting down
2022/01/15 18:58:57 [notice] 33#33: exit
2022/01/15 18:58:57 [notice] 34#34: exiting
2022/01/15 18:58:57 [notice] 32#32: exit
2022/01/15 18:58:57 [notice] 31#31: exiting
2022/01/15 18:58:57 [notice] 34#34: exit
2022/01/15 18:58:57 [notice] 31#31: exit
2022/01/15 18:58:57 [notice] 1#1: signal 17 (SIGCHLD) received from 33
2022/01/15 18:58:57 [notice] 1#1: worker process 33 exited with code 0
2022/01/15 18:58:57 [notice] 1#1: signal 29 (SIGIO) received
2022/01/15 18:58:57 [notice] 1#1: signal 17 (SIGCHLD) received from 32
2022/01/15 18:58:57 [notice] 1#1: worker process 32 exited with code 0
2022/01/15 18:58:57 [notice] 1#1: signal 29 (SIGIO) received
2022/01/15 18:58:57 [notice] 1#1: signal 17 (SIGCHLD) received from 34
2022/01/15 18:58:57 [notice] 1#1: worker process 34 exited with code 0
2022/01/15 18:58:57 [notice] 1#1: signal 29 (SIGIO) received
2022/01/15 18:58:57 [notice] 1#1: signal 17 (SIGCHLD) received from 31
2022/01/15 18:58:57 [notice] 1#1: worker process 31 exited with code 0
2022/01/15 18:58:57 [notice] 1#1: exit
2022/01/15 18:59:16 [notice] 1#1: using the "epoll" event method
2022/01/15 18:59:16 [notice] 1#1: nginx/1.21.5
2022/01/15 18:59:16 [notice] 1#1: built by gcc 10.2.1 20210110 (Debian 10.2.1-6) 
2022/01/15 18:59:16 [notice] 1#1: OS: Linux 5.10.76-linuxkit
2022/01/15 18:59:16 [notice] 1#1: getrlimit(RLIMIT_NOFILE): 1048576:1048576
2022/01/15 18:59:16 [notice] 1#1: start worker processes
2022/01/15 18:59:16 [notice] 1#1: start worker process 32
2022/01/15 18:59:16 [notice] 1#1: start worker process 33
2022/01/15 18:59:16 [notice] 1#1: start worker process 34
2022/01/15 18:59:16 [notice] 1#1: start worker process 35
2022/01/15 19:04:53 [notice] 1#1: signal 3 (SIGQUIT) received, shutting down
2022/01/15 19:04:53 [notice] 32#32: gracefully shutting down
2022/01/15 19:04:53 [notice] 34#34: gracefully shutting down
2022/01/15 19:04:53 [notice] 33#33: gracefully shutting down
2022/01/15 19:04:53 [notice] 33#33: exiting
2022/01/15 19:04:53 [notice] 35#35: gracefully shutting down
2022/01/15 19:04:53 [notice] 32#32: exiting
2022/01/15 19:04:53 [notice] 34#34: exiting
2022/01/15 19:04:53 [notice] 33#33: exit
2022/01/15 19:04:53 [notice] 35#35: exiting
2022/01/15 19:04:53 [notice] 32#32: exit
2022/01/15 19:04:53 [notice] 34#34: exit
2022/01/15 19:04:53 [notice] 35#35: exit
2022/01/15 19:04:53 [notice] 1#1: signal 17 (SIGCHLD) received from 33
2022/01/15 19:04:53 [notice] 1#1: worker process 33 exited with code 0
2022/01/15 19:04:53 [notice] 1#1: signal 29 (SIGIO) received
2022/01/15 19:04:53 [notice] 1#1: signal 17 (SIGCHLD) received from 32
2022/01/15 19:04:53 [notice] 1#1: worker process 32 exited with code 0
2022/01/15 19:04:53 [notice] 1#1: signal 29 (SIGIO) received
2022/01/15 19:04:53 [notice] 1#1: signal 17 (SIGCHLD) received from 34
2022/01/15 19:04:53 [notice] 1#1: worker process 34 exited with code 0
2022/01/15 19:04:53 [notice] 1#1: signal 29 (SIGIO) received
2022/01/15 19:04:53 [notice] 1#1: signal 17 (SIGCHLD) received from 35
2022/01/15 19:04:53 [notice] 1#1: worker process 35 exited with code 0
2022/01/15 19:04:53 [notice] 1#1: exit
2022/01/15 19:12:06 [notice] 1#1: using the "epoll" event method
2022/01/15 19:12:06 [notice] 1#1: nginx/1.21.5
2022/01/15 19:12:06 [notice] 1#1: built by gcc 10.2.1 20210110 (Debian 10.2.1-6) 
2022/01/15 19:12:06 [notice] 1#1: OS: Linux 5.10.76-linuxkit
2022/01/15 19:12:06 [notice] 1#1: getrlimit(RLIMIT_NOFILE): 1048576:1048576
2022/01/15 19:12:06 [notice] 1#1: start worker processes
2022/01/15 19:12:06 [notice] 1#1: start worker process 31
2022/01/15 19:12:06 [notice] 1#1: start worker process 32
2022/01/15 19:12:06 [notice] 1#1: start worker process 33
2022/01/15 19:12:06 [notice] 1#1: start worker process 34
2022/01/15 19:14:48 [notice] 1#1: signal 3 (SIGQUIT) received, shutting down
2022/01/15 19:14:48 [notice] 31#31: gracefully shutting down
2022/01/15 19:14:48 [notice] 33#33: gracefully shutting down
2022/01/15 19:14:48 [notice] 34#34: gracefully shutting down
2022/01/15 19:14:48 [notice] 32#32: gracefully shutting down
2022/01/15 19:14:48 [notice] 31#31: exiting
2022/01/15 19:14:48 [notice] 33#33: exiting
2022/01/15 19:14:48 [notice] 34#34: exiting
2022/01/15 19:14:48 [notice] 32#32: exiting
2022/01/15 19:14:48 [notice] 31#31: exit
2022/01/15 19:14:48 [notice] 33#33: exit
2022/01/15 19:14:48 [notice] 34#34: exit
2022/01/15 19:14:48 [notice] 32#32: exit
2022/01/15 19:14:48 [notice] 1#1: signal 17 (SIGCHLD) received from 31
2022/01/15 19:14:48 [notice] 1#1: worker process 31 exited with code 0
2022/01/15 19:14:48 [notice] 1#1: signal 29 (SIGIO) received
2022/01/15 19:14:48 [notice] 1#1: signal 17 (SIGCHLD) received from 33
2022/01/15 19:14:48 [notice] 1#1: worker process 33 exited with code 0
2022/01/15 19:14:48 [notice] 1#1: signal 29 (SIGIO) received
2022/01/15 19:14:48 [notice] 1#1: signal 17 (SIGCHLD) received from 32
2022/01/15 19:14:48 [notice] 1#1: worker process 32 exited with code 0
2022/01/15 19:14:48 [notice] 1#1: signal 29 (SIGIO) received
2022/01/15 19:14:48 [notice] 1#1: signal 17 (SIGCHLD) received from 34
2022/01/15 19:14:48 [notice] 1#1: worker process 34 exited with code 0
2022/01/15 19:14:48 [notice] 1#1: exit
2022/01/15 19:15:03 [notice] 1#1: using the "epoll" event method
2022/01/15 19:15:03 [notice] 1#1: nginx/1.21.5
2022/01/15 19:15:03 [notice] 1#1: built by gcc 10.2.1 20210110 (Debian 10.2.1-6) 
2022/01/15 19:15:03 [notice] 1#1: OS: Linux 5.10.76-linuxkit
2022/01/15 19:15:03 [notice] 1#1: getrlimit(RLIMIT_NOFILE): 1048576:1048576
2022/01/15 19:15:03 [notice] 1#1: start worker processes
2022/01/15 19:15:03 [notice] 1#1: start worker process 24
2022/01/15 19:15:03 [notice] 1#1: start worker process 25
2022/01/15 19:15:03 [notice] 1#1: start worker process 26
2022/01/15 19:15:03 [notice] 1#1: start worker process 27
2022/01/15 19:27:40 [notice] 1#1: signal 3 (SIGQUIT) received, shutting down
2022/01/15 19:27:40 [notice] 25#25: gracefully shutting down
2022/01/15 19:27:40 [notice] 25#25: exiting
2022/01/15 19:27:40 [notice] 26#26: gracefully shutting down
2022/01/15 19:27:40 [notice] 26#26: exiting
2022/01/15 19:27:40 [notice] 24#24: gracefully shutting down
2022/01/15 19:27:40 [notice] 24#24: exiting
2022/01/15 19:27:40 [notice] 27#27: gracefully shutting down
2022/01/15 19:27:40 [notice] 25#25: exit
2022/01/15 19:27:40 [notice] 26#26: exit
2022/01/15 19:27:40 [notice] 24#24: exit
2022/01/15 19:27:40 [notice] 27#27: exiting
2022/01/15 19:27:40 [notice] 27#27: exit
2022/01/15 19:27:40 [notice] 1#1: signal 17 (SIGCHLD) received from 25
2022/01/15 19:27:40 [notice] 1#1: worker process 25 exited with code 0
2022/01/15 19:27:40 [notice] 1#1: signal 29 (SIGIO) received
2022/01/15 19:27:40 [notice] 1#1: signal 17 (SIGCHLD) received from 24
2022/01/15 19:27:40 [notice] 1#1: worker process 24 exited with code 0
2022/01/15 19:27:40 [notice] 1#1: worker process 26 exited with code 0
2022/01/15 19:27:40 [notice] 1#1: worker process 27 exited with code 0
2022/01/15 19:27:40 [notice] 1#1: exit
2022/01/15 19:27:53 [notice] 1#1: using the "epoll" event method
2022/01/15 19:27:53 [notice] 1#1: nginx/1.21.5
2022/01/15 19:27:53 [notice] 1#1: built by gcc 10.2.1 20210110 (Debian 10.2.1-6) 
2022/01/15 19:27:53 [notice] 1#1: OS: Linux 5.10.76-linuxkit
2022/01/15 19:27:53 [notice] 1#1: getrlimit(RLIMIT_NOFILE): 1048576:1048576
2022/01/15 19:27:53 [notice] 1#1: start worker processes
2022/01/15 19:27:53 [notice] 1#1: start worker process 24
2022/01/15 19:27:53 [notice] 1#1: start worker process 25
2022/01/15 19:27:53 [notice] 1#1: start worker process 26
2022/01/15 19:27:53 [notice] 1#1: start worker process 27
2022/01/15 19:35:00 [notice] 1#1: using the "epoll" event method
2022/01/15 19:35:00 [notice] 1#1: nginx/1.21.5
2022/01/15 19:35:00 [notice] 1#1: built by gcc 10.2.1 20210110 (Debian 10.2.1-6) 
2022/01/15 19:35:00 [notice] 1#1: OS: Linux 5.10.76-linuxkit
2022/01/15 19:35:00 [notice] 1#1: getrlimit(RLIMIT_NOFILE): 1048576:1048576
2022/01/15 19:35:00 [notice] 1#1: start worker processes
2022/01/15 19:35:00 [notice] 1#1: start worker process 24
2022/01/15 19:35:00 [notice] 1#1: start worker process 25
2022/01/15 19:35:00 [notice] 1#1: start worker process 26
2022/01/15 19:35:00 [notice] 1#1: start worker process 27
2022/01/15 19:38:24 [notice] 1#1: signal 3 (SIGQUIT) received, shutting down
2022/01/15 19:38:24 [notice] 25#25: gracefully shutting down
2022/01/15 19:38:24 [notice] 25#25: exiting
2022/01/15 19:38:24 [notice] 26#26: gracefully shutting down
2022/01/15 19:38:24 [notice] 26#26: exiting
2022/01/15 19:38:24 [notice] 27#27: gracefully shutting down
2022/01/15 19:38:24 [notice] 24#24: gracefully shutting down
2022/01/15 19:38:24 [notice] 25#25: exit
2022/01/15 19:38:24 [notice] 26#26: exit
2022/01/15 19:38:24 [notice] 27#27: exiting
2022/01/15 19:38:24 [notice] 24#24: exiting
2022/01/15 19:38:24 [notice] 24#24: exit
2022/01/15 19:38:24 [notice] 27#27: exit
2022/01/15 19:38:24 [notice] 1#1: signal 17 (SIGCHLD) received from 26
2022/01/15 19:38:24 [notice] 1#1: worker process 26 exited with code 0
2022/01/15 19:38:24 [notice] 1#1: signal 29 (SIGIO) received
2022/01/15 19:38:24 [notice] 1#1: signal 17 (SIGCHLD) received from 25
2022/01/15 19:38:24 [notice] 1#1: worker process 25 exited with code 0
2022/01/15 19:38:24 [notice] 1#1: signal 29 (SIGIO) received
2022/01/15 19:38:24 [notice] 1#1: signal 17 (SIGCHLD) received from 24
2022/01/15 19:38:24 [notice] 1#1: worker process 24 exited with code 0
2022/01/15 19:38:24 [notice] 1#1: signal 17 (SIGCHLD) received from 27
2022/01/15 19:38:24 [notice] 1#1: worker process 27 exited with code 0
2022/01/15 19:38:24 [notice] 1#1: exit
2022/01/15 19:38:42 [notice] 1#1: using the "epoll" event method
2022/01/15 19:38:42 [notice] 1#1: nginx/1.21.5
2022/01/15 19:38:42 [notice] 1#1: built by gcc 10.2.1 20210110 (Debian 10.2.1-6) 
2022/01/15 19:38:42 [notice] 1#1: OS: Linux 5.10.76-linuxkit
2022/01/15 19:38:42 [notice] 1#1: getrlimit(RLIMIT_NOFILE): 1048576:1048576
2022/01/15 19:38:42 [notice] 1#1: start worker processes
2022/01/15 19:38:42 [notice] 1#1: start worker process 24
2022/01/15 19:38:42 [notice] 1#1: start worker process 25
2022/01/15 19:38:42 [notice] 1#1: start worker process 26
2022/01/15 19:38:42 [notice] 1#1: start worker process 27
2022/01/15 20:01:35 [notice] 1#1: using the "epoll" event method
2022/01/15 20:01:35 [notice] 1#1: nginx/1.21.5
2022/01/15 20:01:35 [notice] 1#1: built by gcc 10.2.1 20210110 (Debian 10.2.1-6) 
2022/01/15 20:01:35 [notice] 1#1: OS: Linux 5.10.76-linuxkit
2022/01/15 20:01:35 [notice] 1#1: getrlimit(RLIMIT_NOFILE): 1048576:1048576
2022/01/15 20:01:35 [notice] 1#1: start worker processes
2022/01/15 20:01:35 [notice] 1#1: start worker process 24
2022/01/15 20:01:35 [notice] 1#1: start worker process 25
2022/01/15 20:01:35 [notice] 1#1: start worker process 26
2022/01/15 20:01:35 [notice] 1#1: start worker process 27
2022/01/15 20:03:09 [notice] 1#1: signal 3 (SIGQUIT) received, shutting down
2022/01/15 20:03:09 [notice] 25#25: gracefully shutting down
2022/01/15 20:03:09 [notice] 25#25: exiting
2022/01/15 20:03:09 [notice] 24#24: gracefully shutting down
2022/01/15 20:03:09 [notice] 24#24: exiting
2022/01/15 20:03:09 [notice] 26#26: gracefully shutting down
2022/01/15 20:03:09 [notice] 26#26: exiting
2022/01/15 20:03:09 [notice] 27#27: gracefully shutting down
2022/01/15 20:03:09 [notice] 27#27: exiting
2022/01/15 20:03:09 [notice] 25#25: exit
2022/01/15 20:03:09 [notice] 24#24: exit
2022/01/15 20:03:09 [notice] 26#26: exit
2022/01/15 20:03:09 [notice] 27#27: exit
2022/01/15 20:03:09 [notice] 1#1: signal 17 (SIGCHLD) received from 25
2022/01/15 20:03:09 [notice] 1#1: worker process 25 exited with code 0
2022/01/15 20:03:09 [notice] 1#1: signal 29 (SIGIO) received
2022/01/15 20:03:09 [notice] 1#1: signal 17 (SIGCHLD) received from 24
2022/01/15 20:03:09 [notice] 1#1: worker process 24 exited with code 0
2022/01/15 20:03:09 [notice] 1#1: signal 29 (SIGIO) received
2022/01/15 20:03:09 [notice] 1#1: signal 17 (SIGCHLD) received from 26
2022/01/15 20:03:09 [notice] 1#1: worker process 26 exited with code 0
2022/01/15 20:03:09 [notice] 1#1: signal 29 (SIGIO) received
2022/01/15 20:03:09 [notice] 1#1: signal 17 (SIGCHLD) received from 27
2022/01/15 20:03:09 [notice] 1#1: worker process 27 exited with code 0
2022/01/15 20:03:09 [notice] 1#1: exit
2022/01/15 20:04:40 [notice] 1#1: using the "epoll" event method
2022/01/15 20:04:40 [notice] 1#1: nginx/1.21.5
2022/01/15 20:04:40 [notice] 1#1: built by gcc 10.2.1 20210110 (Debian 10.2.1-6) 
2022/01/15 20:04:40 [notice] 1#1: OS: Linux 5.10.76-linuxkit
2022/01/15 20:04:40 [notice] 1#1: getrlimit(RLIMIT_NOFILE): 1048576:1048576
2022/01/15 20:04:40 [notice] 1#1: start worker processes
2022/01/15 20:04:40 [notice] 1#1: start worker process 24
2022/01/15 20:04:40 [notice] 1#1: start worker process 25
2022/01/15 20:04:40 [notice] 1#1: start worker process 26
2022/01/15 20:04:40 [notice] 1#1: start worker process 27
